<?xml version="1.0" encoding="UTF-8"?>
<testsuite xmlns:xsi="http://www.w3.org/2001/XMLSchema-instance" xsi:noNamespaceSchemaLocation="https://maven.apache.org/surefire/maven-surefire-plugin/xsd/surefire-test-report.xsd" version="3.0.2" name="com.urlshortener.api.LinksResourceTest" time="1.604" tests="4" errors="0" skipped="0" failures="0">
  <properties>
    <property name="java.specification.version" value="23"/>
    <property name="sun.jnu.encoding" value="UTF-8"/>
    <property name="java.class.path" value="/Users/osiobomighie/Documents/Developer/url-shortener-api/target/test-classes:/Users/osiobomighie/Documents/Developer/url-shortener-api/target/classes:/Users/osiobomighie/.m2/repository/io/dropwizard/dropwizard-core/4.0.14/dropwizard-core-4.0.14.jar:/Users/osiobomighie/.m2/repository/io/dropwizard/dropwizard-util/4.0.14/dropwizard-util-4.0.14.jar:/Users/osiobomighie/.m2/repository/io/dropwizard/dropwizard-jackson/4.0.14/dropwizard-jackson-4.0.14.jar:/Users/osiobomighie/.m2/repository/com/google/guava/guava/33.4.8-jre/guava-33.4.8-jre.jar:/Users/osiobomighie/.m2/repository/com/google/guava/failureaccess/1.0.3/failureaccess-1.0.3.jar:/Users/osiobomighie/.m2/repository/com/google/guava/listenablefuture/9999.0-empty-to-avoid-conflict-with-guava/listenablefuture-9999.0-empty-to-avoid-conflict-with-guava.jar:/Users/osiobomighie/.m2/repository/org/jspecify/jspecify/1.0.0/jspecify-1.0.0.jar:/Users/osiobomighie/.m2/repository/com/google/j2objc/j2objc-annotations/3.0.0/j2objc-annotations-3.0.0.jar:/Users/osiobomighie/.m2/repository/com/github/ben-manes/caffeine/caffeine/3.2.0/caffeine-3.2.0.jar:/Users/osiobomighie/.m2/repository/com/fasterxml/jackson/core/jackson-core/2.19.0/jackson-core-2.19.0.jar:/Users/osiobomighie/.m2/repository/com/fasterxml/jackson/datatype/jackson-datatype-guava/2.19.0/jackson-datatype-guava-2.19.0.jar:/Users/osiobomighie/.m2/repository/com/fasterxml/jackson/datatype/jackson-datatype-jsr310/2.19.0/jackson-datatype-jsr310-2.19.0.jar:/Users/osiobomighie/.m2/repository/com/fasterxml/jackson/datatype/jackson-datatype-jdk8/2.19.0/jackson-datatype-jdk8-2.19.0.jar:/Users/osiobomighie/.m2/repository/com/fasterxml/jackson/module/jackson-module-parameter-names/2.19.0/jackson-module-parameter-names-2.19.0.jar:/Users/osiobomighie/.m2/repository/com/fasterxml/jackson/module/jackson-module-blackbird/2.19.0/jackson-module-blackbird-2.19.0.jar:/Users/osiobomighie/.m2/repository/io/dropwizard/dropwizard-validation/4.0.14/dropwizard-validation-4.0.14.jar:/Users/osiobomighie/.m2/repository/org/glassfish/jakarta.el/4.0.2/jakarta.el-4.0.2.jar:/Users/osiobomighie/.m2/repository/jakarta/el/jakarta.el-api/4.0.0/jakarta.el-api-4.0.0.jar:/Users/osiobomighie/.m2/repository/io/dropwizard/dropwizard-configuration/4.0.14/dropwizard-configuration-4.0.14.jar:/Users/osiobomighie/.m2/repository/com/fasterxml/jackson/dataformat/jackson-dataformat-yaml/2.19.0/jackson-dataformat-yaml-2.19.0.jar:/Users/osiobomighie/.m2/repository/org/yaml/snakeyaml/2.4/snakeyaml-2.4.jar:/Users/osiobomighie/.m2/repository/org/apache/commons/commons-text/1.13.1/commons-text-1.13.1.jar:/Users/osiobomighie/.m2/repository/io/dropwizard/dropwizard-logging/4.0.14/dropwizard-logging-4.0.14.jar:/Users/osiobomighie/.m2/repository/io/dropwizard/metrics/metrics-logback/4.2.32/metrics-logback-4.2.32.jar:/Users/osiobomighie/.m2/repository/org/slf4j/jul-to-slf4j/2.0.17/jul-to-slf4j-2.0.17.jar:/Users/osiobomighie/.m2/repository/ch/qos/logback/logback-core/1.5.18/logback-core-1.5.18.jar:/Users/osiobomighie/.m2/repository/com/google/errorprone/error_prone_annotations/2.31.0/error_prone_annotations-2.31.0.jar:/Users/osiobomighie/.m2/repository/io/dropwizard/logback/logback-throttling-appender/1.4.2/logback-throttling-appender-1.4.2.jar:/Users/osiobomighie/.m2/repository/org/slf4j/log4j-over-slf4j/2.0.17/log4j-over-slf4j-2.0.17.jar:/Users/osiobomighie/.m2/repository/org/slf4j/jcl-over-slf4j/2.0.17/jcl-over-slf4j-2.0.17.jar:/Users/osiobomighie/.m2/repository/io/dropwizard/dropwizard-metrics/4.0.14/dropwizard-metrics-4.0.14.jar:/Users/osiobomighie/.m2/repository/io/dropwizard/dropwizard-jersey/4.0.14/dropwizard-jersey-4.0.14.jar:/Users/osiobomighie/.m2/repository/org/glassfish/jersey/ext/jersey-metainf-services/3.0.17/jersey-metainf-services-3.0.17.jar:/Users/osiobomighie/.m2/repository/org/glassfish/jersey/inject/jersey-hk2/3.0.17/jersey-hk2-3.0.17.jar:/Users/osiobomighie/.m2/repository/org/glassfish/hk2/hk2-locator/3.0.6/hk2-locator-3.0.6.jar:/Users/osiobomighie/.m2/repository/org/javassist/javassist/3.30.2-GA/javassist-3.30.2-GA.jar:/Users/osiobomighie/.m2/repository/io/dropwizard/metrics/metrics-jersey3/4.2.32/metrics-jersey3-4.2.32.jar:/Users/osiobomighie/.m2/repository/jakarta/annotation/jakarta.annotation-api/2.0.0/jakarta.annotation-api-2.0.0.jar:/Users/osiobomighie/.m2/repository/org/glassfish/hk2/hk2-api/3.0.6/hk2-api-3.0.6.jar:/Users/osiobomighie/.m2/repository/org/glassfish/hk2/hk2-utils/3.0.6/hk2-utils-3.0.6.jar:/Users/osiobomighie/.m2/repository/org/glassfish/hk2/external/aopalliance-repackaged/3.0.6/aopalliance-repackaged-3.0.6.jar:/Users/osiobomighie/.m2/repository/org/glassfish/jersey/containers/jersey-container-servlet/3.0.17/jersey-container-servlet-3.0.17.jar:/Users/osiobomighie/.m2/repository/org/eclipse/jetty/jetty-io/11.0.25/jetty-io-11.0.25.jar:/Users/osiobomighie/.m2/repository/io/dropwizard/dropwizard-servlets/4.0.14/dropwizard-servlets-4.0.14.jar:/Users/osiobomighie/.m2/repository/io/dropwizard/dropwizard-jetty/4.0.14/dropwizard-jetty-4.0.14.jar:/Users/osiobomighie/.m2/repository/org/eclipse/jetty/jetty-servlets/11.0.25/jetty-servlets-11.0.25.jar:/Users/osiobomighie/.m2/repository/org/eclipse/jetty/jetty-http/11.0.25/jetty-http-11.0.25.jar:/Users/osiobomighie/.m2/repository/io/dropwizard/dropwizard-lifecycle/4.0.14/dropwizard-lifecycle-4.0.14.jar:/Users/osiobomighie/.m2/repository/io/dropwizard/dropwizard-health/4.0.14/dropwizard-health-4.0.14.jar:/Users/osiobomighie/.m2/repository/io/dropwizard/metrics/metrics-core/4.2.32/metrics-core-4.2.32.jar:/Users/osiobomighie/.m2/repository/io/dropwizard/metrics/metrics-jetty11/4.2.32/metrics-jetty11-4.2.32.jar:/Users/osiobomighie/.m2/repository/io/dropwizard/metrics/metrics-annotation/4.2.32/metrics-annotation-4.2.32.jar:/Users/osiobomighie/.m2/repository/io/dropwizard/metrics/metrics-jvm/4.2.32/metrics-jvm-4.2.32.jar:/Users/osiobomighie/.m2/repository/io/dropwizard/metrics/metrics-jmx/4.2.32/metrics-jmx-4.2.32.jar:/Users/osiobomighie/.m2/repository/io/dropwizard/metrics/metrics-jakarta-servlets/4.2.32/metrics-jakarta-servlets-4.2.32.jar:/Users/osiobomighie/.m2/repository/io/dropwizard/metrics/metrics-json/4.2.32/metrics-json-4.2.32.jar:/Users/osiobomighie/.m2/repository/com/helger/profiler/1.1.1/profiler-1.1.1.jar:/Users/osiobomighie/.m2/repository/io/dropwizard/metrics/metrics-healthchecks/4.2.32/metrics-healthchecks-4.2.32.jar:/Users/osiobomighie/.m2/repository/io/dropwizard/dropwizard-request-logging/4.0.14/dropwizard-request-logging-4.0.14.jar:/Users/osiobomighie/.m2/repository/ch/qos/logback/access/logback-access-common/2.0.6/logback-access-common-2.0.6.jar:/Users/osiobomighie/.m2/repository/ch/qos/logback/access/logback-access-jetty11/2.0.6/logback-access-jetty11-2.0.6.jar:/Users/osiobomighie/.m2/repository/ch/qos/logback/logback-classic/1.5.18/logback-classic-1.5.18.jar:/Users/osiobomighie/.m2/repository/com/fasterxml/jackson/core/jackson-databind/2.19.0/jackson-databind-2.19.0.jar:/Users/osiobomighie/.m2/repository/org/checkerframework/checker-qual/3.49.3/checker-qual-3.49.3.jar:/Users/osiobomighie/.m2/repository/jakarta/servlet/jakarta.servlet-api/5.0.0/jakarta.servlet-api-5.0.0.jar:/Users/osiobomighie/.m2/repository/jakarta/ws/rs/jakarta.ws.rs-api/3.0.0/jakarta.ws.rs-api-3.0.0.jar:/Users/osiobomighie/.m2/repository/net/sourceforge/argparse4j/argparse4j/0.9.0/argparse4j-0.9.0.jar:/Users/osiobomighie/.m2/repository/org/eclipse/jetty/jetty-security/11.0.25/jetty-security-11.0.25.jar:/Users/osiobomighie/.m2/repository/org/eclipse/jetty/jetty-server/11.0.25/jetty-server-11.0.25.jar:/Users/osiobomighie/.m2/repository/org/eclipse/jetty/jetty-servlet/11.0.25/jetty-servlet-11.0.25.jar:/Users/osiobomighie/.m2/repository/org/eclipse/jetty/jetty-util/11.0.25/jetty-util-11.0.25.jar:/Users/osiobomighie/.m2/repository/org/eclipse/jetty/toolchain/setuid/jetty-setuid-java/1.0.4/jetty-setuid-java-1.0.4.jar:/Users/osiobomighie/.m2/repository/jakarta/inject/jakarta.inject-api/2.0.1.MR/jakarta.inject-api-2.0.1.MR.jar:/Users/osiobomighie/.m2/repository/org/glassfish/jersey/core/jersey-common/3.0.17/jersey-common-3.0.17.jar:/Users/osiobomighie/.m2/repository/org/glassfish/hk2/osgi-resource-locator/1.0.3/osgi-resource-locator-1.0.3.jar:/Users/osiobomighie/.m2/repository/org/glassfish/jersey/ext/jersey-bean-validation/3.0.17/jersey-bean-validation-3.0.17.jar:/Users/osiobomighie/.m2/repository/org/slf4j/slf4j-api/2.0.17/slf4j-api-2.0.17.jar:/Users/osiobomighie/.m2/repository/com/fasterxml/jackson/core/jackson-annotations/2.19.0/jackson-annotations-2.19.0.jar:/Users/osiobomighie/.m2/repository/jakarta/validation/jakarta.validation-api/3.0.2/jakarta.validation-api-3.0.2.jar:/Users/osiobomighie/.m2/repository/org/hibernate/validator/hibernate-validator/7.0.5.Final/hibernate-validator-7.0.5.Final.jar:/Users/osiobomighie/.m2/repository/org/jboss/logging/jboss-logging/3.6.1.Final/jboss-logging-3.6.1.Final.jar:/Users/osiobomighie/.m2/repository/com/fasterxml/classmate/1.7.0/classmate-1.7.0.jar:/Users/osiobomighie/.m2/repository/io/dropwizard/dropwizard-jdbi3/4.0.14/dropwizard-jdbi3-4.0.14.jar:/Users/osiobomighie/.m2/repository/io/dropwizard/dropwizard-db/4.0.14/dropwizard-db-4.0.14.jar:/Users/osiobomighie/.m2/repository/org/apache/tomcat/tomcat-jdbc/10.1.41/tomcat-jdbc-10.1.41.jar:/Users/osiobomighie/.m2/repository/org/apache/tomcat/tomcat-juli/10.1.41/tomcat-juli-10.1.41.jar:/Users/osiobomighie/.m2/repository/org/jdbi/jdbi3-core/3.49.4/jdbi3-core-3.49.4.jar:/Users/osiobomighie/.m2/repository/io/leangen/geantyref/geantyref/2.0.1/geantyref-2.0.1.jar:/Users/osiobomighie/.m2/repository/org/jdbi/jdbi3-sqlobject/3.49.4/jdbi3-sqlobject-3.49.4.jar:/Users/osiobomighie/.m2/repository/org/jdbi/jdbi3-guava/3.49.4/jdbi3-guava-3.49.4.jar:/Users/osiobomighie/.m2/repository/io/dropwizard/metrics/metrics-jdbi3/4.2.32/metrics-jdbi3-4.2.32.jar:/Users/osiobomighie/.m2/repository/com/h2database/h2/2.3.232/h2-2.3.232.jar:/Users/osiobomighie/.m2/repository/com/mysql/mysql-connector-j/8.0.33/mysql-connector-j-8.0.33.jar:/Users/osiobomighie/.m2/repository/com/google/protobuf/protobuf-java/3.21.9/protobuf-java-3.21.9.jar:/Users/osiobomighie/.m2/repository/io/dropwizard/dropwizard-migrations/4.0.14/dropwizard-migrations-4.0.14.jar:/Users/osiobomighie/.m2/repository/org/liquibase/liquibase-core/4.32.0/liquibase-core-4.32.0.jar:/Users/osiobomighie/.m2/repository/com/opencsv/opencsv/5.11/opencsv-5.11.jar:/Users/osiobomighie/.m2/repository/org/apache/commons/commons-lang3/3.17.0/commons-lang3-3.17.0.jar:/Users/osiobomighie/.m2/repository/commons-io/commons-io/2.19.0/commons-io-2.19.0.jar:/Users/osiobomighie/.m2/repository/com/mattbertolini/liquibase-slf4j/5.1.0/liquibase-slf4j-5.1.0.jar:/Users/osiobomighie/.m2/repository/org/apache/commons/commons-collections4/4.5.0/commons-collections4-4.5.0.jar:/Users/osiobomighie/.m2/repository/jakarta/xml/bind/jakarta.xml.bind-api/3.0.1/jakarta.xml.bind-api-3.0.1.jar:/Users/osiobomighie/.m2/repository/com/sun/activation/jakarta.activation/2.0.1/jakarta.activation-2.0.1.jar:/Users/osiobomighie/.m2/repository/org/junit/jupiter/junit-jupiter-api/5.12.2/junit-jupiter-api-5.12.2.jar:/Users/osiobomighie/.m2/repository/org/opentest4j/opentest4j/1.3.0/opentest4j-1.3.0.jar:/Users/osiobomighie/.m2/repository/org/junit/platform/junit-platform-commons/1.12.2/junit-platform-commons-1.12.2.jar:/Users/osiobomighie/.m2/repository/org/apiguardian/apiguardian-api/1.1.2/apiguardian-api-1.1.2.jar:/Users/osiobomighie/.m2/repository/org/mockito/mockito-core/5.12.0/mockito-core-5.12.0.jar:/Users/osiobomighie/.m2/repository/net/bytebuddy/byte-buddy/1.17.5/byte-buddy-1.17.5.jar:/Users/osiobomighie/.m2/repository/net/bytebuddy/byte-buddy-agent/1.14.15/byte-buddy-agent-1.14.15.jar:/Users/osiobomighie/.m2/repository/org/objenesis/objenesis/3.3/objenesis-3.3.jar:/Users/osiobomighie/.m2/repository/org/junit/jupiter/junit-jupiter/5.12.2/junit-jupiter-5.12.2.jar:/Users/osiobomighie/.m2/repository/org/junit/jupiter/junit-jupiter-params/5.12.2/junit-jupiter-params-5.12.2.jar:/Users/osiobomighie/.m2/repository/org/junit/jupiter/junit-jupiter-engine/5.12.2/junit-jupiter-engine-5.12.2.jar:/Users/osiobomighie/.m2/repository/org/junit/platform/junit-platform-engine/1.12.2/junit-platform-engine-1.12.2.jar:/Users/osiobomighie/.m2/repository/io/dropwizard/dropwizard-testing/4.0.14/dropwizard-testing-4.0.14.jar:/Users/osiobomighie/.m2/repository/com/fasterxml/jackson/jakarta/rs/jackson-jakarta-rs-json-provider/2.19.0/jackson-jakarta-rs-json-provider-2.19.0.jar:/Users/osiobomighie/.m2/repository/com/fasterxml/jackson/jakarta/rs/jackson-jakarta-rs-base/2.19.0/jackson-jakarta-rs-base-2.19.0.jar:/Users/osiobomighie/.m2/repository/com/fasterxml/jackson/module/jackson-module-jakarta-xmlbind-annotations/2.19.0/jackson-module-jakarta-xmlbind-annotations-2.19.0.jar:/Users/osiobomighie/.m2/repository/org/glassfish/jersey/containers/jersey-container-servlet-core/3.0.17/jersey-container-servlet-core-3.0.17.jar:/Users/osiobomighie/.m2/repository/org/glassfish/jersey/connectors/jersey-apache5-connector/3.0.17/jersey-apache5-connector-3.0.17.jar:/Users/osiobomighie/.m2/repository/org/apache/httpcomponents/client5/httpclient5/5.5/httpclient5-5.5.jar:/Users/osiobomighie/.m2/repository/org/apache/httpcomponents/core5/httpcore5-h2/5.3.4/httpcore5-h2-5.3.4.jar:/Users/osiobomighie/.m2/repository/org/apache/httpcomponents/core5/httpcore5/5.3.4/httpcore5-5.3.4.jar:/Users/osiobomighie/.m2/repository/org/glassfish/jersey/core/jersey-client/3.0.17/jersey-client-3.0.17.jar:/Users/osiobomighie/.m2/repository/org/glassfish/jersey/core/jersey-server/3.0.17/jersey-server-3.0.17.jar:/Users/osiobomighie/.m2/repository/org/glassfish/jersey/test-framework/jersey-test-framework-core/3.0.17/jersey-test-framework-core-3.0.17.jar:/Users/osiobomighie/.m2/repository/org/glassfish/jersey/media/jersey-media-jaxb/3.0.17/jersey-media-jaxb-3.0.17.jar:/Users/osiobomighie/.m2/repository/org/hamcrest/hamcrest/3.0/hamcrest-3.0.jar:/Users/osiobomighie/.m2/repository/org/glassfish/jersey/test-framework/providers/jersey-test-framework-provider-inmemory/3.0.17/jersey-test-framework-provider-inmemory-3.0.17.jar:/Users/osiobomighie/.m2/repository/jakarta/activation/jakarta.activation-api/2.0.1/jakarta.activation-api-2.0.1.jar:"/>
    <property name="java.vm.vendor" value="Homebrew"/>
    <property name="sun.arch.data.model" value="64"/>
    <property name="java.vendor.url" value="https://github.com/Homebrew/homebrew-core/issues"/>
    <property name="user.timezone" value="Europe/London"/>
    <property name="os.name" value="Mac OS X"/>
    <property name="java.vm.specification.version" value="23"/>
    <property name="sun.java.launcher" value="SUN_STANDARD"/>
    <property name="user.country" value="GB"/>
    <property name="sun.boot.library.path" value="/opt/homebrew/Cellar/openjdk/23.0.2/libexec/openjdk.jdk/Contents/Home/lib"/>
    <property name="sun.java.command" value="/Users/osiobomighie/Documents/Developer/url-shortener-api/target/surefire/surefirebooter-20250804143753316_3.jar /Users/osiobomighie/Documents/Developer/url-shortener-api/target/surefire 2025-08-04T14-37-53_266-jvmRun1 surefire-20250804143753316_1tmp surefire_0-20250804143753316_2tmp"/>
    <property name="http.nonProxyHosts" value="local|*.local|169.254/16|*.169.254/16"/>
    <property name="jdk.debug" value="release"/>
    <property name="surefire.test.class.path" value="/Users/osiobomighie/Documents/Developer/url-shortener-api/target/test-classes:/Users/osiobomighie/Documents/Developer/url-shortener-api/target/classes:/Users/osiobomighie/.m2/repository/io/dropwizard/dropwizard-core/4.0.14/dropwizard-core-4.0.14.jar:/Users/osiobomighie/.m2/repository/io/dropwizard/dropwizard-util/4.0.14/dropwizard-util-4.0.14.jar:/Users/osiobomighie/.m2/repository/io/dropwizard/dropwizard-jackson/4.0.14/dropwizard-jackson-4.0.14.jar:/Users/osiobomighie/.m2/repository/com/google/guava/guava/33.4.8-jre/guava-33.4.8-jre.jar:/Users/osiobomighie/.m2/repository/com/google/guava/failureaccess/1.0.3/failureaccess-1.0.3.jar:/Users/osiobomighie/.m2/repository/com/google/guava/listenablefuture/9999.0-empty-to-avoid-conflict-with-guava/listenablefuture-9999.0-empty-to-avoid-conflict-with-guava.jar:/Users/osiobomighie/.m2/repository/org/jspecify/jspecify/1.0.0/jspecify-1.0.0.jar:/Users/osiobomighie/.m2/repository/com/google/j2objc/j2objc-annotations/3.0.0/j2objc-annotations-3.0.0.jar:/Users/osiobomighie/.m2/repository/com/github/ben-manes/caffeine/caffeine/3.2.0/caffeine-3.2.0.jar:/Users/osiobomighie/.m2/repository/com/fasterxml/jackson/core/jackson-core/2.19.0/jackson-core-2.19.0.jar:/Users/osiobomighie/.m2/repository/com/fasterxml/jackson/datatype/jackson-datatype-guava/2.19.0/jackson-datatype-guava-2.19.0.jar:/Users/osiobomighie/.m2/repository/com/fasterxml/jackson/datatype/jackson-datatype-jsr310/2.19.0/jackson-datatype-jsr310-2.19.0.jar:/Users/osiobomighie/.m2/repository/com/fasterxml/jackson/datatype/jackson-datatype-jdk8/2.19.0/jackson-datatype-jdk8-2.19.0.jar:/Users/osiobomighie/.m2/repository/com/fasterxml/jackson/module/jackson-module-parameter-names/2.19.0/jackson-module-parameter-names-2.19.0.jar:/Users/osiobomighie/.m2/repository/com/fasterxml/jackson/module/jackson-module-blackbird/2.19.0/jackson-module-blackbird-2.19.0.jar:/Users/osiobomighie/.m2/repository/io/dropwizard/dropwizard-validation/4.0.14/dropwizard-validation-4.0.14.jar:/Users/osiobomighie/.m2/repository/org/glassfish/jakarta.el/4.0.2/jakarta.el-4.0.2.jar:/Users/osiobomighie/.m2/repository/jakarta/el/jakarta.el-api/4.0.0/jakarta.el-api-4.0.0.jar:/Users/osiobomighie/.m2/repository/io/dropwizard/dropwizard-configuration/4.0.14/dropwizard-configuration-4.0.14.jar:/Users/osiobomighie/.m2/repository/com/fasterxml/jackson/dataformat/jackson-dataformat-yaml/2.19.0/jackson-dataformat-yaml-2.19.0.jar:/Users/osiobomighie/.m2/repository/org/yaml/snakeyaml/2.4/snakeyaml-2.4.jar:/Users/osiobomighie/.m2/repository/org/apache/commons/commons-text/1.13.1/commons-text-1.13.1.jar:/Users/osiobomighie/.m2/repository/io/dropwizard/dropwizard-logging/4.0.14/dropwizard-logging-4.0.14.jar:/Users/osiobomighie/.m2/repository/io/dropwizard/metrics/metrics-logback/4.2.32/metrics-logback-4.2.32.jar:/Users/osiobomighie/.m2/repository/org/slf4j/jul-to-slf4j/2.0.17/jul-to-slf4j-2.0.17.jar:/Users/osiobomighie/.m2/repository/ch/qos/logback/logback-core/1.5.18/logback-core-1.5.18.jar:/Users/osiobomighie/.m2/repository/com/google/errorprone/error_prone_annotations/2.31.0/error_prone_annotations-2.31.0.jar:/Users/osiobomighie/.m2/repository/io/dropwizard/logback/logback-throttling-appender/1.4.2/logback-throttling-appender-1.4.2.jar:/Users/osiobomighie/.m2/repository/org/slf4j/log4j-over-slf4j/2.0.17/log4j-over-slf4j-2.0.17.jar:/Users/osiobomighie/.m2/repository/org/slf4j/jcl-over-slf4j/2.0.17/jcl-over-slf4j-2.0.17.jar:/Users/osiobomighie/.m2/repository/io/dropwizard/dropwizard-metrics/4.0.14/dropwizard-metrics-4.0.14.jar:/Users/osiobomighie/.m2/repository/io/dropwizard/dropwizard-jersey/4.0.14/dropwizard-jersey-4.0.14.jar:/Users/osiobomighie/.m2/repository/org/glassfish/jersey/ext/jersey-metainf-services/3.0.17/jersey-metainf-services-3.0.17.jar:/Users/osiobomighie/.m2/repository/org/glassfish/jersey/inject/jersey-hk2/3.0.17/jersey-hk2-3.0.17.jar:/Users/osiobomighie/.m2/repository/org/glassfish/hk2/hk2-locator/3.0.6/hk2-locator-3.0.6.jar:/Users/osiobomighie/.m2/repository/org/javassist/javassist/3.30.2-GA/javassist-3.30.2-GA.jar:/Users/osiobomighie/.m2/repository/io/dropwizard/metrics/metrics-jersey3/4.2.32/metrics-jersey3-4.2.32.jar:/Users/osiobomighie/.m2/repository/jakarta/annotation/jakarta.annotation-api/2.0.0/jakarta.annotation-api-2.0.0.jar:/Users/osiobomighie/.m2/repository/org/glassfish/hk2/hk2-api/3.0.6/hk2-api-3.0.6.jar:/Users/osiobomighie/.m2/repository/org/glassfish/hk2/hk2-utils/3.0.6/hk2-utils-3.0.6.jar:/Users/osiobomighie/.m2/repository/org/glassfish/hk2/external/aopalliance-repackaged/3.0.6/aopalliance-repackaged-3.0.6.jar:/Users/osiobomighie/.m2/repository/org/glassfish/jersey/containers/jersey-container-servlet/3.0.17/jersey-container-servlet-3.0.17.jar:/Users/osiobomighie/.m2/repository/org/eclipse/jetty/jetty-io/11.0.25/jetty-io-11.0.25.jar:/Users/osiobomighie/.m2/repository/io/dropwizard/dropwizard-servlets/4.0.14/dropwizard-servlets-4.0.14.jar:/Users/osiobomighie/.m2/repository/io/dropwizard/dropwizard-jetty/4.0.14/dropwizard-jetty-4.0.14.jar:/Users/osiobomighie/.m2/repository/org/eclipse/jetty/jetty-servlets/11.0.25/jetty-servlets-11.0.25.jar:/Users/osiobomighie/.m2/repository/org/eclipse/jetty/jetty-http/11.0.25/jetty-http-11.0.25.jar:/Users/osiobomighie/.m2/repository/io/dropwizard/dropwizard-lifecycle/4.0.14/dropwizard-lifecycle-4.0.14.jar:/Users/osiobomighie/.m2/repository/io/dropwizard/dropwizard-health/4.0.14/dropwizard-health-4.0.14.jar:/Users/osiobomighie/.m2/repository/io/dropwizard/metrics/metrics-core/4.2.32/metrics-core-4.2.32.jar:/Users/osiobomighie/.m2/repository/io/dropwizard/metrics/metrics-jetty11/4.2.32/metrics-jetty11-4.2.32.jar:/Users/osiobomighie/.m2/repository/io/dropwizard/metrics/metrics-annotation/4.2.32/metrics-annotation-4.2.32.jar:/Users/osiobomighie/.m2/repository/io/dropwizard/metrics/metrics-jvm/4.2.32/metrics-jvm-4.2.32.jar:/Users/osiobomighie/.m2/repository/io/dropwizard/metrics/metrics-jmx/4.2.32/metrics-jmx-4.2.32.jar:/Users/osiobomighie/.m2/repository/io/dropwizard/metrics/metrics-jakarta-servlets/4.2.32/metrics-jakarta-servlets-4.2.32.jar:/Users/osiobomighie/.m2/repository/io/dropwizard/metrics/metrics-json/4.2.32/metrics-json-4.2.32.jar:/Users/osiobomighie/.m2/repository/com/helger/profiler/1.1.1/profiler-1.1.1.jar:/Users/osiobomighie/.m2/repository/io/dropwizard/metrics/metrics-healthchecks/4.2.32/metrics-healthchecks-4.2.32.jar:/Users/osiobomighie/.m2/repository/io/dropwizard/dropwizard-request-logging/4.0.14/dropwizard-request-logging-4.0.14.jar:/Users/osiobomighie/.m2/repository/ch/qos/logback/access/logback-access-common/2.0.6/logback-access-common-2.0.6.jar:/Users/osiobomighie/.m2/repository/ch/qos/logback/access/logback-access-jetty11/2.0.6/logback-access-jetty11-2.0.6.jar:/Users/osiobomighie/.m2/repository/ch/qos/logback/logback-classic/1.5.18/logback-classic-1.5.18.jar:/Users/osiobomighie/.m2/repository/com/fasterxml/jackson/core/jackson-databind/2.19.0/jackson-databind-2.19.0.jar:/Users/osiobomighie/.m2/repository/org/checkerframework/checker-qual/3.49.3/checker-qual-3.49.3.jar:/Users/osiobomighie/.m2/repository/jakarta/servlet/jakarta.servlet-api/5.0.0/jakarta.servlet-api-5.0.0.jar:/Users/osiobomighie/.m2/repository/jakarta/ws/rs/jakarta.ws.rs-api/3.0.0/jakarta.ws.rs-api-3.0.0.jar:/Users/osiobomighie/.m2/repository/net/sourceforge/argparse4j/argparse4j/0.9.0/argparse4j-0.9.0.jar:/Users/osiobomighie/.m2/repository/org/eclipse/jetty/jetty-security/11.0.25/jetty-security-11.0.25.jar:/Users/osiobomighie/.m2/repository/org/eclipse/jetty/jetty-server/11.0.25/jetty-server-11.0.25.jar:/Users/osiobomighie/.m2/repository/org/eclipse/jetty/jetty-servlet/11.0.25/jetty-servlet-11.0.25.jar:/Users/osiobomighie/.m2/repository/org/eclipse/jetty/jetty-util/11.0.25/jetty-util-11.0.25.jar:/Users/osiobomighie/.m2/repository/org/eclipse/jetty/toolchain/setuid/jetty-setuid-java/1.0.4/jetty-setuid-java-1.0.4.jar:/Users/osiobomighie/.m2/repository/jakarta/inject/jakarta.inject-api/2.0.1.MR/jakarta.inject-api-2.0.1.MR.jar:/Users/osiobomighie/.m2/repository/org/glassfish/jersey/core/jersey-common/3.0.17/jersey-common-3.0.17.jar:/Users/osiobomighie/.m2/repository/org/glassfish/hk2/osgi-resource-locator/1.0.3/osgi-resource-locator-1.0.3.jar:/Users/osiobomighie/.m2/repository/org/glassfish/jersey/ext/jersey-bean-validation/3.0.17/jersey-bean-validation-3.0.17.jar:/Users/osiobomighie/.m2/repository/org/slf4j/slf4j-api/2.0.17/slf4j-api-2.0.17.jar:/Users/osiobomighie/.m2/repository/com/fasterxml/jackson/core/jackson-annotations/2.19.0/jackson-annotations-2.19.0.jar:/Users/osiobomighie/.m2/repository/jakarta/validation/jakarta.validation-api/3.0.2/jakarta.validation-api-3.0.2.jar:/Users/osiobomighie/.m2/repository/org/hibernate/validator/hibernate-validator/7.0.5.Final/hibernate-validator-7.0.5.Final.jar:/Users/osiobomighie/.m2/repository/org/jboss/logging/jboss-logging/3.6.1.Final/jboss-logging-3.6.1.Final.jar:/Users/osiobomighie/.m2/repository/com/fasterxml/classmate/1.7.0/classmate-1.7.0.jar:/Users/osiobomighie/.m2/repository/io/dropwizard/dropwizard-jdbi3/4.0.14/dropwizard-jdbi3-4.0.14.jar:/Users/osiobomighie/.m2/repository/io/dropwizard/dropwizard-db/4.0.14/dropwizard-db-4.0.14.jar:/Users/osiobomighie/.m2/repository/org/apache/tomcat/tomcat-jdbc/10.1.41/tomcat-jdbc-10.1.41.jar:/Users/osiobomighie/.m2/repository/org/apache/tomcat/tomcat-juli/10.1.41/tomcat-juli-10.1.41.jar:/Users/osiobomighie/.m2/repository/org/jdbi/jdbi3-core/3.49.4/jdbi3-core-3.49.4.jar:/Users/osiobomighie/.m2/repository/io/leangen/geantyref/geantyref/2.0.1/geantyref-2.0.1.jar:/Users/osiobomighie/.m2/repository/org/jdbi/jdbi3-sqlobject/3.49.4/jdbi3-sqlobject-3.49.4.jar:/Users/osiobomighie/.m2/repository/org/jdbi/jdbi3-guava/3.49.4/jdbi3-guava-3.49.4.jar:/Users/osiobomighie/.m2/repository/io/dropwizard/metrics/metrics-jdbi3/4.2.32/metrics-jdbi3-4.2.32.jar:/Users/osiobomighie/.m2/repository/com/h2database/h2/2.3.232/h2-2.3.232.jar:/Users/osiobomighie/.m2/repository/com/mysql/mysql-connector-j/8.0.33/mysql-connector-j-8.0.33.jar:/Users/osiobomighie/.m2/repository/com/google/protobuf/protobuf-java/3.21.9/protobuf-java-3.21.9.jar:/Users/osiobomighie/.m2/repository/io/dropwizard/dropwizard-migrations/4.0.14/dropwizard-migrations-4.0.14.jar:/Users/osiobomighie/.m2/repository/org/liquibase/liquibase-core/4.32.0/liquibase-core-4.32.0.jar:/Users/osiobomighie/.m2/repository/com/opencsv/opencsv/5.11/opencsv-5.11.jar:/Users/osiobomighie/.m2/repository/org/apache/commons/commons-lang3/3.17.0/commons-lang3-3.17.0.jar:/Users/osiobomighie/.m2/repository/commons-io/commons-io/2.19.0/commons-io-2.19.0.jar:/Users/osiobomighie/.m2/repository/com/mattbertolini/liquibase-slf4j/5.1.0/liquibase-slf4j-5.1.0.jar:/Users/osiobomighie/.m2/repository/org/apache/commons/commons-collections4/4.5.0/commons-collections4-4.5.0.jar:/Users/osiobomighie/.m2/repository/jakarta/xml/bind/jakarta.xml.bind-api/3.0.1/jakarta.xml.bind-api-3.0.1.jar:/Users/osiobomighie/.m2/repository/com/sun/activation/jakarta.activation/2.0.1/jakarta.activation-2.0.1.jar:/Users/osiobomighie/.m2/repository/org/junit/jupiter/junit-jupiter-api/5.12.2/junit-jupiter-api-5.12.2.jar:/Users/osiobomighie/.m2/repository/org/opentest4j/opentest4j/1.3.0/opentest4j-1.3.0.jar:/Users/osiobomighie/.m2/repository/org/junit/platform/junit-platform-commons/1.12.2/junit-platform-commons-1.12.2.jar:/Users/osiobomighie/.m2/repository/org/apiguardian/apiguardian-api/1.1.2/apiguardian-api-1.1.2.jar:/Users/osiobomighie/.m2/repository/org/mockito/mockito-core/5.12.0/mockito-core-5.12.0.jar:/Users/osiobomighie/.m2/repository/net/bytebuddy/byte-buddy/1.17.5/byte-buddy-1.17.5.jar:/Users/osiobomighie/.m2/repository/net/bytebuddy/byte-buddy-agent/1.14.15/byte-buddy-agent-1.14.15.jar:/Users/osiobomighie/.m2/repository/org/objenesis/objenesis/3.3/objenesis-3.3.jar:/Users/osiobomighie/.m2/repository/org/junit/jupiter/junit-jupiter/5.12.2/junit-jupiter-5.12.2.jar:/Users/osiobomighie/.m2/repository/org/junit/jupiter/junit-jupiter-params/5.12.2/junit-jupiter-params-5.12.2.jar:/Users/osiobomighie/.m2/repository/org/junit/jupiter/junit-jupiter-engine/5.12.2/junit-jupiter-engine-5.12.2.jar:/Users/osiobomighie/.m2/repository/org/junit/platform/junit-platform-engine/1.12.2/junit-platform-engine-1.12.2.jar:/Users/osiobomighie/.m2/repository/io/dropwizard/dropwizard-testing/4.0.14/dropwizard-testing-4.0.14.jar:/Users/osiobomighie/.m2/repository/com/fasterxml/jackson/jakarta/rs/jackson-jakarta-rs-json-provider/2.19.0/jackson-jakarta-rs-json-provider-2.19.0.jar:/Users/osiobomighie/.m2/repository/com/fasterxml/jackson/jakarta/rs/jackson-jakarta-rs-base/2.19.0/jackson-jakarta-rs-base-2.19.0.jar:/Users/osiobomighie/.m2/repository/com/fasterxml/jackson/module/jackson-module-jakarta-xmlbind-annotations/2.19.0/jackson-module-jakarta-xmlbind-annotations-2.19.0.jar:/Users/osiobomighie/.m2/repository/org/glassfish/jersey/containers/jersey-container-servlet-core/3.0.17/jersey-container-servlet-core-3.0.17.jar:/Users/osiobomighie/.m2/repository/org/glassfish/jersey/connectors/jersey-apache5-connector/3.0.17/jersey-apache5-connector-3.0.17.jar:/Users/osiobomighie/.m2/repository/org/apache/httpcomponents/client5/httpclient5/5.5/httpclient5-5.5.jar:/Users/osiobomighie/.m2/repository/org/apache/httpcomponents/core5/httpcore5-h2/5.3.4/httpcore5-h2-5.3.4.jar:/Users/osiobomighie/.m2/repository/org/apache/httpcomponents/core5/httpcore5/5.3.4/httpcore5-5.3.4.jar:/Users/osiobomighie/.m2/repository/org/glassfish/jersey/core/jersey-client/3.0.17/jersey-client-3.0.17.jar:/Users/osiobomighie/.m2/repository/org/glassfish/jersey/core/jersey-server/3.0.17/jersey-server-3.0.17.jar:/Users/osiobomighie/.m2/repository/org/glassfish/jersey/test-framework/jersey-test-framework-core/3.0.17/jersey-test-framework-core-3.0.17.jar:/Users/osiobomighie/.m2/repository/org/glassfish/jersey/media/jersey-media-jaxb/3.0.17/jersey-media-jaxb-3.0.17.jar:/Users/osiobomighie/.m2/repository/org/hamcrest/hamcrest/3.0/hamcrest-3.0.jar:/Users/osiobomighie/.m2/repository/org/glassfish/jersey/test-framework/providers/jersey-test-framework-provider-inmemory/3.0.17/jersey-test-framework-provider-inmemory-3.0.17.jar:/Users/osiobomighie/.m2/repository/jakarta/activation/jakarta.activation-api/2.0.1/jakarta.activation-api-2.0.1.jar:"/>
    <property name="sun.cpu.endian" value="little"/>
    <property name="user.home" value="/Users/osiobomighie"/>
    <property name="user.language" value="en"/>
    <property name="java.specification.vendor" value="Oracle Corporation"/>
    <property name="java.version.date" value="2025-01-21"/>
    <property name="java.home" value="/opt/homebrew/Cellar/openjdk/23.0.2/libexec/openjdk.jdk/Contents/Home"/>
    <property name="file.separator" value="/"/>
    <property name="basedir" value="/Users/osiobomighie/Documents/Developer/url-shortener-api"/>
    <property name="java.vm.compressedOopsMode" value="Zero based"/>
    <property name="line.separator" value="&#10;"/>
    <property name="java.vm.specification.vendor" value="Oracle Corporation"/>
    <property name="java.specification.name" value="Java Platform API Specification"/>
    <property name="apple.awt.application.name" value="ForkedBooter"/>
    <property name="surefire.real.class.path" value="/Users/osiobomighie/Documents/Developer/url-shortener-api/target/surefire/surefirebooter-20250804143753316_3.jar"/>
    <property name="sun.management.compiler" value="HotSpot 64-Bit Tiered Compilers"/>
    <property name="ftp.nonProxyHosts" value="local|*.local|169.254/16|*.169.254/16"/>
    <property name="java.runtime.version" value="23.0.2"/>
    <property name="user.name" value="osiobomighie"/>
    <property name="stdout.encoding" value="UTF-8"/>
    <property name="path.separator" value=":"/>
    <property name="os.version" value="15.5"/>
    <property name="java.runtime.name" value="OpenJDK Runtime Environment"/>
    <property name="file.encoding" value="UTF-8"/>
    <property name="java.vm.name" value="OpenJDK 64-Bit Server VM"/>
    <property name="java.vendor.version" value="Homebrew"/>
    <property name="localRepository" value="/Users/osiobomighie/.m2/repository"/>
    <property name="java.vendor.url.bug" value="https://github.com/Homebrew/homebrew-core/issues"/>
    <property name="java.io.tmpdir" value="/var/folders/w8/qn3d1tjn5tz5bd02ymbt3h280000gn/T/"/>
    <property name="java.version" value="23.0.2"/>
    <property name="user.dir" value="/Users/osiobomighie/Documents/Developer/url-shortener-api"/>
    <property name="os.arch" value="aarch64"/>
    <property name="java.vm.specification.name" value="Java Virtual Machine Specification"/>
    <property name="native.encoding" value="UTF-8"/>
    <property name="java.library.path" value="/Users/osiobomighie/Library/Java/Extensions:/Library/Java/Extensions:/Network/Library/Java/Extensions:/System/Library/Java/Extensions:/usr/lib/java:."/>
    <property name="java.vm.info" value="mixed mode, sharing"/>
    <property name="stderr.encoding" value="UTF-8"/>
    <property name="java.vendor" value="Homebrew"/>
    <property name="java.vm.version" value="23.0.2"/>
    <property name="sun.io.unicode.encoding" value="UnicodeBig"/>
    <property name="socksNonProxyHosts" value="local|*.local|169.254/16|*.169.254/16"/>
    <property name="java.class.version" value="67.0"/>
  </properties>
  <testcase name="createShortLink_invalidUrl" classname="com.urlshortener.api.LinksResourceTest" time="0.477">
    <system-out><![CDATA[14:37:54.550 [main] DEBUG org.jboss.logging -- Logging Provider: org.jboss.logging.Slf4jLoggerProvider
14:37:54.556 [main] INFO org.hibernate.validator.internal.util.Version -- HV000001: Hibernate Validator 7.0.5.Final
14:37:54.564 [main] DEBUG org.hibernate.validator.internal.engine.AbstractConfigurationImpl -- Adding value extractor io.dropwizard.validation.valuehandling.GuavaOptionalValueExtractor@4cfa8227
14:37:54.565 [main] DEBUG org.hibernate.validator.internal.engine.AbstractConfigurationImpl -- Setting custom ConstraintValidatorFactory of type io.dropwizard.jersey.validation.MutableValidatorFactory
14:37:54.565 [main] DEBUG org.hibernate.validator.internal.engine.AbstractConfigurationImpl -- Setting custom ParameterNameProvider of type io.dropwizard.jersey.validation.JerseyParameterNameProvider
14:37:54.567 [main] DEBUG org.hibernate.validator.internal.engine.AbstractConfigurationImpl -- Adding value extractor io.dropwizard.jersey.validation.NonEmptyStringParamValueExtractor@181e72d3
14:37:54.567 [main] DEBUG org.hibernate.validator.internal.engine.AbstractConfigurationImpl -- Adding value extractor io.dropwizard.jersey.validation.ParamValueExtractor@fb713e7
14:37:54.569 [main] DEBUG org.hibernate.validator.internal.xml.config.ValidationXmlParser -- Trying to load META-INF/validation.xml for XML based Validator configuration.
14:37:54.569 [main] DEBUG org.hibernate.validator.internal.xml.config.ResourceLoaderHelper -- Trying to load META-INF/validation.xml via TCCL
14:37:54.569 [main] DEBUG org.hibernate.validator.internal.xml.config.ResourceLoaderHelper -- Trying to load META-INF/validation.xml via Hibernate Validator's class loader
14:37:54.569 [main] DEBUG org.hibernate.validator.internal.xml.config.ValidationXmlParser -- No META-INF/validation.xml found. Using annotation based configuration only.
14:37:54.571 [main] DEBUG org.hibernate.validator.internal.engine.resolver.TraversableResolvers -- Cannot find jakarta.persistence.Persistence on classpath. Assuming non JPA 2 environment. All properties will per default be traversable.
14:37:54.580 [main] DEBUG org.hibernate.validator.messageinterpolation.ResourceBundleMessageInterpolator -- Loaded expression factory via original TCCL
14:37:54.620 [main] DEBUG org.hibernate.validator.internal.engine.ValidatorFactoryConfigurationHelper -- HV000252: Using org.hibernate.validator.internal.engine.DefaultPropertyNodeNameProvider as property node name provider.
14:37:54.623 [main] DEBUG org.hibernate.validator.internal.engine.ValidatorFactoryConfigurationHelper -- HV000234: Using org.hibernate.validator.messageinterpolation.ResourceBundleMessageInterpolator as ValidatorFactory-scoped message interpolator.
14:37:54.623 [main] DEBUG org.hibernate.validator.internal.engine.ValidatorFactoryConfigurationHelper -- HV000234: Using org.hibernate.validator.internal.engine.resolver.TraverseAllTraversableResolver as ValidatorFactory-scoped traversable resolver.
14:37:54.623 [main] DEBUG org.hibernate.validator.internal.engine.ValidatorFactoryConfigurationHelper -- HV000234: Using org.hibernate.validator.internal.util.ExecutableParameterNameProvider as ValidatorFactory-scoped parameter name provider.
14:37:54.623 [main] DEBUG org.hibernate.validator.internal.engine.ValidatorFactoryConfigurationHelper -- HV000234: Using org.hibernate.validator.internal.engine.DefaultClockProvider as ValidatorFactory-scoped clock provider.
14:37:54.623 [main] DEBUG org.hibernate.validator.internal.engine.ValidatorFactoryConfigurationHelper -- HV000234: Using org.hibernate.validator.internal.engine.scripting.DefaultScriptEvaluatorFactory as ValidatorFactory-scoped script evaluator factory.
]]></system-out>
    <system-err><![CDATA[WARNING: A Java agent has been loaded dynamically (/Users/osiobomighie/.m2/repository/net/bytebuddy/byte-buddy-agent/1.14.15/byte-buddy-agent-1.14.15.jar)
WARNING: If a serviceability tool is in use, please run with -XX:+EnableDynamicAgentLoading to hide this warning
WARNING: If a serviceability tool is not in use, please run with -Djdk.instrument.traceUsage for more information
WARNING: Dynamic loading of agents will be disallowed by default in a future release
]]></system-err>
  </testcase>
  <testcase name="createShortLink_happyPath" classname="com.urlshortener.api.LinksResourceTest" time="0.073"/>
  <testcase name="createShortLink_invalidUrlFormat" classname="com.urlshortener.api.LinksResourceTest" time="0.051"/>
  <testcase name="createShortLink_emptyUrl" classname="com.urlshortener.api.LinksResourceTest" time="0.052"/>
</testsuite>